This mapping 'snapshot_20171003' was designed for MC 1.12! Use at your own peril.This mapping 'snapshot_20171003' was designed for MC 1.12! Use at your own peril.

:deobfCompileDummyTask
:deobfProvidedDummyTask
:sourceApiJava UP-TO-DATE
:compileApiJava UP-TO-DATE
:compileApiScala UP-TO-DATE
:processApiResources UP-TO-DATE
:apiClasses UP-TO-DATE
:sourceMainJava UP-TO-DATE
:compileJava UP-TO-DATE
:compileScalaC:\Users\Matt\Desktop\Stands\Stands\src\main\scala\com\fizzixnerd\stands\ClientProxy.scala:16: value preInit is not a member of Proxy
    super.preInit(event)
          ^
one error found
 FAILED

FAILURE: Build failed with an exception.

* What went wrong:
Execution failed for task ':compileScala'.
> Compilation failed

* Try:
Run with --stacktrace option to get the stack trace. Run with --info or --debug option to get more log output.

BUILD FAILED

Total time: 4.501 secs
